<?xml version="1.0" encoding="UTF-8"?>
<testng-results skipped="0" failed="0" ignored="0" total="1" passed="1">
  <reporter-output>
  </reporter-output>
  <suite name="Default suite" duration-ms="23083" started-at="2020-04-22T17:04:40 IST" finished-at="2020-04-22T17:05:04 IST">
    <groups>
    </groups>
    <test name="Default test" duration-ms="23083" started-at="2020-04-22T17:04:40 IST" finished-at="2020-04-22T17:05:04 IST">
      <class name="selenimframework1.tetsngdemo">
        <test-method status="PASS" signature="configbrowser()[pri:0, instance:selenimframework1.tetsngdemo@3dfc5fb8]" name="configbrowser" is-config="true" duration-ms="10584" started-at="2020-04-22T17:04:40 IST" finished-at="2020-04-22T17:04:51 IST">
          <reporter-output>
          </reporter-output>
        </test-method> <!-- configbrowser -->
        <test-method status="PASS" signature="googlesearchtest()[pri:0, instance:selenimframework1.tetsngdemo@3dfc5fb8]" name="googlesearchtest" duration-ms="5878" started-at="2020-04-22T17:04:51 IST" finished-at="2020-04-22T17:04:57 IST">
          <reporter-output>
          </reporter-output>
        </test-method> <!-- googlesearchtest -->
        <test-method status="PASS" signature="teardowntest()[pri:0, instance:selenimframework1.tetsngdemo@3dfc5fb8]" name="teardowntest" is-config="true" duration-ms="6520" started-at="2020-04-22T17:04:57 IST" finished-at="2020-04-22T17:05:04 IST">
          <reporter-output>
          </reporter-output>
        </test-method> <!-- teardowntest -->
      </class> <!-- selenimframework1.tetsngdemo -->
    </test> <!-- Default test -->
  </suite> <!-- Default suite -->
</testng-results>
